Determining if the pthread_create exist failed with the following output:
Change Dir: /home/kpach/catkin_ws/src/youbot_stack/youbot_trail_rviz/cmake-build-debug/CMakeFiles/CMakeTmp

Run Build Command:"/usr/bin/make" "cmTC_620ac/fast"
/usr/bin/make -f CMakeFiles/cmTC_620ac.dir/build.make CMakeFiles/cmTC_620ac.dir/build
make[1]: Entering directory '/home/kpach/catkin_ws/src/youbot_stack/youbot_trail_rviz/cmake-build-debug/CMakeFiles/CMakeTmp'
Building C object CMakeFiles/cmTC_620ac.dir/CheckSymbolExists.c.o
/usr/bin/cc    -o CMakeFiles/cmTC_620ac.dir/CheckSymbolExists.c.o   -c /home/kpach/catkin_ws/src/youbot_stack/youbot_trail_rviz/cmake-build-debug/CMakeFiles/CMakeTmp/CheckSymbolExists.c
Linking C executable cmTC_620ac
/opt/clion-2017.2.3/bin/cmake/bin/cmake -E cmake_link_script CMakeFiles/cmTC_620ac.dir/link.txt --verbose=1
/usr/bin/cc      -rdynamic CMakeFiles/cmTC_620ac.dir/CheckSymbolExists.c.o  -o cmTC_620ac 
CMakeFiles/cmTC_620ac.dir/CheckSymbolExists.c.o: In function `main':
CheckSymbolExists.c:(.text+0x16): undefined reference to `pthread_create'
collect2: error: ld returned 1 exit status
CMakeFiles/cmTC_620ac.dir/build.make:97: recipe for target 'cmTC_620ac' failed
make[1]: *** [cmTC_620ac] Error 1
make[1]: Leaving directory '/home/kpach/catkin_ws/src/youbot_stack/youbot_trail_rviz/cmake-build-debug/CMakeFiles/CMakeTmp'
Makefile:126: recipe for target 'cmTC_620ac/fast' failed
make: *** [cmTC_620ac/fast] Error 2

File /home/kpach/catkin_ws/src/youbot_stack/youbot_trail_rviz/cmake-build-debug/CMakeFiles/CMakeTmp/CheckSymbolExists.c:
/* */
#include <pthread.h>

int main(int argc, char** argv)
{
  (void)argv;
#ifndef pthread_create
  return ((int*)(&pthread_create))[argc];
#else
  (void)argc;
  return 0;
#endif
}

Determining if the function pthread_create exists in the pthreads failed with the following output:
Change Dir: /home/kpach/catkin_ws/src/youbot_stack/youbot_trail_rviz/cmake-build-debug/CMakeFiles/CMakeTmp

Run Build Command:"/usr/bin/make" "cmTC_2a571/fast"
/usr/bin/make -f CMakeFiles/cmTC_2a571.dir/build.make CMakeFiles/cmTC_2a571.dir/build
make[1]: Entering directory '/home/kpach/catkin_ws/src/youbot_stack/youbot_trail_rviz/cmake-build-debug/CMakeFiles/CMakeTmp'
Building C object CMakeFiles/cmTC_2a571.dir/CheckFunctionExists.c.o
/usr/bin/cc   -DCHECK_FUNCTION_EXISTS=pthread_create   -o CMakeFiles/cmTC_2a571.dir/CheckFunctionExists.c.o   -c /opt/clion-2017.2.3/bin/cmake/share/cmake-3.8/Modules/CheckFunctionExists.c
Linking C executable cmTC_2a571
/opt/clion-2017.2.3/bin/cmake/bin/cmake -E cmake_link_script CMakeFiles/cmTC_2a571.dir/link.txt --verbose=1
/usr/bin/cc  -DCHECK_FUNCTION_EXISTS=pthread_create    -rdynamic CMakeFiles/cmTC_2a571.dir/CheckFunctionExists.c.o  -o cmTC_2a571 -lpthreads 
/usr/bin/ld: cannot find -lpthreads
collect2: error: ld returned 1 exit status
CMakeFiles/cmTC_2a571.dir/build.make:97: recipe for target 'cmTC_2a571' failed
make[1]: *** [cmTC_2a571] Error 1
make[1]: Leaving directory '/home/kpach/catkin_ws/src/youbot_stack/youbot_trail_rviz/cmake-build-debug/CMakeFiles/CMakeTmp'
Makefile:126: recipe for target 'cmTC_2a571/fast' failed
make: *** [cmTC_2a571/fast] Error 2


